Using pre-set license
Built from '2021.3/staging' branch; Version is '2021.3.13f1 (9e7d58001ecf) revision 10386776'; Using compiler version '192829333'; Build Type 'Release'
OS: 'Windows 10  (10.0.19044) 64bit Professional' Language: 'en' Physical Memory: 16266 MB
BatchMode: 1, IsHumanControllingUs: 0, StartBugReporterOnCrash: 0, Is64bit: 1, IsPro: 1

COMMAND LINE ARGUMENTS:
C:\Program Files\Unity\Hub\Editor\2021.3.13f1\Editor\Unity.exe
-adb2
-batchMode
-noUpm
-name
AssetImportWorker0
-projectPath
C:/_data/_unity/Game2D/BAI DU THI/Game
-logFile
Logs/AssetImportWorker0.log
-srvPort
51449
Successfully changed project path to: C:/_data/_unity/Game2D/BAI DU THI/Game
C:/_data/_unity/Game2D/BAI DU THI/Game
[UnityMemory] Configuration Parameters - Can be set up in boot.config
    "memorysetup-bucket-allocator-granularity=16"
    "memorysetup-bucket-allocator-bucket-count=8"
    "memorysetup-bucket-allocator-block-size=33554432"
    "memorysetup-bucket-allocator-block-count=8"
    "memorysetup-main-allocator-block-size=16777216"
    "memorysetup-thread-allocator-block-size=16777216"
    "memorysetup-gfx-main-allocator-block-size=16777216"
    "memorysetup-gfx-thread-allocator-block-size=16777216"
    "memorysetup-cache-allocator-block-size=4194304"
    "memorysetup-typetree-allocator-block-size=2097152"
    "memorysetup-profiler-bucket-allocator-granularity=16"
    "memorysetup-profiler-bucket-allocator-bucket-count=8"
    "memorysetup-profiler-bucket-allocator-block-size=33554432"
    "memorysetup-profiler-bucket-allocator-block-count=8"
    "memorysetup-profiler-allocator-block-size=16777216"
    "memorysetup-profiler-editor-allocator-block-size=1048576"
    "memorysetup-temp-allocator-size-main=16777216"
    "memorysetup-job-temp-allocator-block-size=2097152"
    "memorysetup-job-temp-allocator-block-size-background=1048576"
    "memorysetup-job-temp-allocator-reduction-small-platforms=262144"
    "memorysetup-temp-allocator-size-background-worker=32768"
    "memorysetup-temp-allocator-size-job-worker=262144"
    "memorysetup-temp-allocator-size-preload-manager=33554432"
    "memorysetup-temp-allocator-size-nav-mesh-worker=65536"
    "memorysetup-temp-allocator-size-audio-worker=65536"
    "memorysetup-temp-allocator-size-cloud-worker=32768"
    "memorysetup-temp-allocator-size-gi-baking-worker=262144"
    "memorysetup-temp-allocator-size-gfx=262144"
Refreshing native plugins compatible for Editor in 133.12 ms, found 4 plugins.
Preloading 0 native plugins for Editor in 0.00 ms.
Initialize engine version: 2021.3.13f1 (9e7d58001ecf)
[Subsystems] Discovering subsystems at path C:/Program Files/Unity/Hub/Editor/2021.3.13f1/Editor/Data/Resources/UnitySubsystems
[Subsystems] Discovering subsystems at path C:/_data/_unity/Game2D/BAI DU THI/Game/Assets
GfxDevice: creating device client; threaded=0; jobified=0
Direct3D:
    Version:  Direct3D 11.0 [level 11.1]
    Renderer: Intel(R) HD Graphics 530 (ID=0x191b)
    Vendor:   Intel
    VRAM:     8133 MB
    Driver:   30.0.101.1338
Initialize mono
Mono path[0] = 'C:/Program Files/Unity/Hub/Editor/2021.3.13f1/Editor/Data/Managed'
Mono path[1] = 'C:/Program Files/Unity/Hub/Editor/2021.3.13f1/Editor/Data/MonoBleedingEdge/lib/mono/unityjit-win32'
Mono config path = 'C:/Program Files/Unity/Hub/Editor/2021.3.13f1/Editor/Data/MonoBleedingEdge/etc'
Using monoOptions --debugger-agent=transport=dt_socket,embedding=1,server=y,suspend=n,address=127.0.0.1:56052
Begin MonoManager ReloadAssembly
Registering precompiled unity dll's ...
Register platform support module: C:/Program Files/Unity/Hub/Editor/2021.3.13f1/Editor/Data/PlaybackEngines/WebGLSupport/UnityEditor.WebGL.Extensions.dll
Register platform support module: C:/Program Files/Unity/Hub/Editor/2021.3.13f1/Editor/Data/PlaybackEngines/WindowsStandaloneSupport/UnityEditor.WindowsStandalone.Extensions.dll
Registered in 0.011916 seconds.
Native extension for WindowsStandalone target not found
Native extension for WebGL target not found
Refreshing native plugins compatible for Editor in 139.41 ms, found 4 plugins.
Preloading 0 native plugins for Editor in 0.00 ms.
Mono: successfully reloaded assembly
- Completed reload, in  0.899 seconds
Domain Reload Profiling:
	ReloadAssembly (900ms)
		BeginReloadAssembly (107ms)
			ExecutionOrderSort (0ms)
			DisableScriptedObjects (0ms)
			BackupInstance (0ms)
			ReleaseScriptingObjects (0ms)
			CreateAndSetChildDomain (1ms)
		EndReloadAssembly (634ms)
			LoadAssemblies (104ms)
			RebuildTransferFunctionScriptingTraits (0ms)
			SetupTypeCache (145ms)
			ReleaseScriptCaches (0ms)
			RebuildScriptCaches (41ms)
			SetupLoadedEditorAssemblies (376ms)
				LogAssemblyErrors (0ms)
				InitializePlatformSupportModulesInManaged (13ms)
				SetLoadedEditorAssemblies (0ms)
				RefreshPlugins (140ms)
				BeforeProcessingInitializeOnLoad (2ms)
				ProcessInitializeOnLoadAttributes (158ms)
				ProcessInitializeOnLoadMethodAttributes (64ms)
				AfterProcessingInitializeOnLoad (0ms)
				EditorAssembliesLoaded (0ms)
			ExecutionOrderSort2 (0ms)
			AwakeInstancesAfterBackupRestoration (0ms)
Platform modules already initialized, skipping
Registering precompiled user dll's ...
Registered in 0.014384 seconds.
Begin MonoManager ReloadAssembly
Symbol file LoadedFromMemory doesn't match image C:\_data\_unity\Game2D\BAI DU THI\Game\Library\PackageCache\com.unity.visualscripting@1.7.8\Editor\VisualScripting.Core\Dependencies\YamlDotNet\Unity.VisualScripting.YamlDotNet.dll
Symbol file LoadedFromMemory doesn't match image C:\_data\_unity\Game2D\BAI DU THI\Game\Library\PackageCache\com.unity.visualscripting@1.7.8\Editor\VisualScripting.Core\Dependencies\DotNetZip\Unity.VisualScripting.IonicZip.dll
Native extension for WindowsStandalone target not found
Native extension for WebGL target not found
Refreshing native plugins compatible for Editor in 129.69 ms, found 4 plugins.
Preloading 0 native plugins for Editor in 0.00 ms.
Mono: successfully reloaded assembly
- Completed reload, in  1.626 seconds
Domain Reload Profiling:
	ReloadAssembly (1627ms)
		BeginReloadAssembly (166ms)
			ExecutionOrderSort (0ms)
			DisableScriptedObjects (10ms)
			BackupInstance (0ms)
			ReleaseScriptingObjects (0ms)
			CreateAndSetChildDomain (28ms)
		EndReloadAssembly (1294ms)
			LoadAssemblies (135ms)
			RebuildTransferFunctionScriptingTraits (0ms)
			SetupTypeCache (350ms)
			ReleaseScriptCaches (1ms)
			RebuildScriptCaches (79ms)
			SetupLoadedEditorAssemblies (671ms)
				LogAssemblyErrors (0ms)
				InitializePlatformSupportModulesInManaged (9ms)
				SetLoadedEditorAssemblies (1ms)
				RefreshPlugins (130ms)
				BeforeProcessingInitializeOnLoad (146ms)
				ProcessInitializeOnLoadAttributes (313ms)
				ProcessInitializeOnLoadMethodAttributes (61ms)
				AfterProcessingInitializeOnLoad (12ms)
				EditorAssembliesLoaded (0ms)
			ExecutionOrderSort2 (0ms)
			AwakeInstancesAfterBackupRestoration (9ms)
Platform modules already initialized, skipping
========================================================================
Worker process is ready to serve import requests
Launched and connected shader compiler UnityShaderCompiler.exe after 0.06 seconds
Refreshing native plugins compatible for Editor in 0.82 ms, found 4 plugins.
Preloading 0 native plugins for Editor in 0.00 ms.
Unloading 4047 Unused Serialized files (Serialized files now loaded: 0)
Unloading 42 unused Assets / (162.2 KB). Loaded Objects now: 4500.
Memory consumption went from 150.8 MB to 150.7 MB.
Total: 5.065700 ms (FindLiveObjects: 0.500400 ms CreateObjectMapping: 0.569600 ms MarkObjects: 3.818000 ms  DeleteObjects: 0.176900 ms)

AssetImportParameters requested are different than current active one (requested -> active):
  custom:video-decoder-ogg-theora: a1e56fd34408186e4bbccfd4996cb3dc -> 
  custom:container-muxer-webm: aa71ff27fc2769a1b78a27578f13a17b -> 
  custom:container-demuxer-webm: 4f35f7cbe854078d1ac9338744f61a02 -> 
  custom:video-encoder-webm-vp8: eb34c28f22e8b96e1ab97ce403110664 -> 
  custom:audio-encoder-webm-vorbis: bf7c407c2cedff20999df2af8eb42d56 -> 
  custom:framework-win-MediaFoundation: 216162199b28c13a410421893ffa2e32 -> 
  custom:container-demuxer-ogg: 62fdf1f143b41e24485cea50d1cbac27 -> 
  custom:video-decoder-webm-vp8: 9c59270c3fd7afecdb556c50c9e8de78 -> 
  custom:audio-decoder-ogg-vorbis: bf7c407c2cedff20999df2af8eb42d56 -> 
========================================================================
Received Import Request.
  Time since last request: 552673.015972 seconds.
  path: Assets/Gregor Quendel - Free Water Stream Sounds/Gregor Quendel - Free Water Stream Sounds - 04.wav
  artifactKey: Guid(d3903b57ac7904d46952cd7978bc1dc9) Importer(815301076,1909f56bfc062723c751e8b465ee728b)
Start importing Assets/Gregor Quendel - Free Water Stream Sounds/Gregor Quendel - Free Water Stream Sounds - 04.wav using Guid(d3903b57ac7904d46952cd7978bc1dc9) Importer(815301076,1909f56bfc062723c751e8b465ee728b)  -> (artifact id: '73ae1dc901ee547810621540d9a37a21') in 0.163341 seconds 
========================================================================
Received Import Request.
  Time since last request: 0.000024 seconds.
  path: Assets/Gregor Quendel - Free Water Stream Sounds/Gregor Quendel - Free Water Stream Sounds - 08.wav
  artifactKey: Guid(1dbbb823d3ffa4e348bb300f3ee079d5) Importer(815301076,1909f56bfc062723c751e8b465ee728b)
Start importing Assets/Gregor Quendel - Free Water Stream Sounds/Gregor Quendel - Free Water Stream Sounds - 08.wav using Guid(1dbbb823d3ffa4e348bb300f3ee079d5) Importer(815301076,1909f56bfc062723c751e8b465ee728b)  -> (artifact id: 'b0e62e86b4572d1f7dabb9ee85963b37') in 0.020899 seconds 
========================================================================
Received Import Request.
  Time since last request: 0.000021 seconds.
  path: Assets/Gregor Quendel - Free Water Stream Sounds/Gregor Quendel - Free Water Stream Sounds - 03.wav
  artifactKey: Guid(6377fcd9a468e40139bdc141248cb41d) Importer(815301076,1909f56bfc062723c751e8b465ee728b)
Start importing Assets/Gregor Quendel - Free Water Stream Sounds/Gregor Quendel - Free Water Stream Sounds - 03.wav using Guid(6377fcd9a468e40139bdc141248cb41d) Importer(815301076,1909f56bfc062723c751e8b465ee728b)  -> (artifact id: 'af25c39c008e6749529cf0e7f8ea1b7a') in 0.019755 seconds 
========================================================================
Received Import Request.
  Time since last request: 0.000029 seconds.
  path: Assets/Gregor Quendel - Free Water Stream Sounds/Gregor Quendel - Free Water Stream Sounds - 09.wav
  artifactKey: Guid(4280b6383d13043deb6eaec04807060a) Importer(815301076,1909f56bfc062723c751e8b465ee728b)
Start importing Assets/Gregor Quendel - Free Water Stream Sounds/Gregor Quendel - Free Water Stream Sounds - 09.wav using Guid(4280b6383d13043deb6eaec04807060a) Importer(815301076,1909f56bfc062723c751e8b465ee728b)  -> (artifact id: '98b120b7d8b6069120d644629add5b53') in 0.018855 seconds 
========================================================================
Received Import Request.
  Time since last request: 0.000037 seconds.
  path: Assets/Gregor Quendel - Free Water Stream Sounds/Gregor Quendel - Free Water Stream Sounds - 05.wav
  artifactKey: Guid(11404ac0fafb7473cb0805c542e39c4e) Importer(815301076,1909f56bfc062723c751e8b465ee728b)
Start importing Assets/Gregor Quendel - Free Water Stream Sounds/Gregor Quendel - Free Water Stream Sounds - 05.wav using Guid(11404ac0fafb7473cb0805c542e39c4e) Importer(815301076,1909f56bfc062723c751e8b465ee728b)  -> (artifact id: '09cada468f21e3f07c03402af1560e73') in 0.017604 seconds 
========================================================================
Received Import Request.
  Time since last request: 0.000028 seconds.
  path: Assets/Gregor Quendel - Free Water Stream Sounds/Gregor Quendel - Free Water Stream Sounds - 10.wav
  artifactKey: Guid(fa48977df63a7429a822d467c1a9b89a) Importer(815301076,1909f56bfc062723c751e8b465ee728b)
Start importing Assets/Gregor Quendel - Free Water Stream Sounds/Gregor Quendel - Free Water Stream Sounds - 10.wav using Guid(fa48977df63a7429a822d467c1a9b89a) Importer(815301076,1909f56bfc062723c751e8b465ee728b)  -> (artifact id: '542205044251fba6048e47f3ea8b899e') in 0.018546 seconds 
========================================================================
Received Import Request.
  Time since last request: 0.000023 seconds.
  path: Assets/Gregor Quendel - Free Water Stream Sounds/Gregor Quendel - Free Water Stream Sounds - 02.wav
  artifactKey: Guid(04305b7ce8eea4ebabbc91ec55bdc40d) Importer(815301076,1909f56bfc062723c751e8b465ee728b)
Start importing Assets/Gregor Quendel - Free Water Stream Sounds/Gregor Quendel - Free Water Stream Sounds - 02.wav using Guid(04305b7ce8eea4ebabbc91ec55bdc40d) Importer(815301076,1909f56bfc062723c751e8b465ee728b)  -> (artifact id: 'cd5dac23ac30962dc840cd6868411a7b') in 0.018303 seconds 
========================================================================
Received Import Request.
  Time since last request: 0.000025 seconds.
  path: Assets/Sprites/4ghk_j5l5_180907.jpg
  artifactKey: Guid(14869bdbdd0f33445845f38697e479e3) Importer(815301076,1909f56bfc062723c751e8b465ee728b)
Start importing Assets/Sprites/4ghk_j5l5_180907.jpg using Guid(14869bdbdd0f33445845f38697e479e3) Importer(815301076,1909f56bfc062723c751e8b465ee728b)  -> (artifact id: '41e881e7f28d71895cb51b7102d09469') in 0.264937 seconds 
========================================================================
Received Import Request.
  Time since last request: 0.000027 seconds.
  path: Assets/Materials/day.mat
  artifactKey: Guid(dc885d44458944b3dacd326dc3433f07) Importer(815301076,1909f56bfc062723c751e8b465ee728b)
Start importing Assets/Materials/day.mat using Guid(dc885d44458944b3dacd326dc3433f07) Importer(815301076,1909f56bfc062723c751e8b465ee728b)  -> (artifact id: '6d07576a2cf6c80525b06a10f95691a8') in 0.247711 seconds 
========================================================================
Received Import Request.
  Time since last request: 0.000036 seconds.
  path: Assets/Gregor Quendel - Free Water Stream Sounds/Gregor Quendel - Free Water Stream Sounds - 06.wav
  artifactKey: Guid(6ef66cbc4eecf4c93a219300f3efcbbc) Importer(815301076,1909f56bfc062723c751e8b465ee728b)
Start importing Assets/Gregor Quendel - Free Water Stream Sounds/Gregor Quendel - Free Water Stream Sounds - 06.wav using Guid(6ef66cbc4eecf4c93a219300f3efcbbc) Importer(815301076,1909f56bfc062723c751e8b465ee728b)  -> (artifact id: '10523b73dd554fe0ddb905f851c3fca2') in 0.018022 seconds 
========================================================================
Received Import Request.
  Time since last request: 0.000041 seconds.
  path: Assets/Gregor Quendel - Free Water Stream Sounds/Gregor Quendel - Free Water Stream Sounds - 07.wav
  artifactKey: Guid(693e35ba85d8546b881879975faeb534) Importer(815301076,1909f56bfc062723c751e8b465ee728b)
Start importing Assets/Gregor Quendel - Free Water Stream Sounds/Gregor Quendel - Free Water Stream Sounds - 07.wav using Guid(693e35ba85d8546b881879975faeb534) Importer(815301076,1909f56bfc062723c751e8b465ee728b)  -> (artifact id: 'b996e89aa8c7e4500dcf979129c1ed0a') in 0.021346 seconds 
========================================================================
Received Import Request.
  Time since last request: 0.000024 seconds.
  path: Assets/Sprites/nen.jpg
  artifactKey: Guid(f2839645cd73b924a86dc2b48b913c08) Importer(815301076,1909f56bfc062723c751e8b465ee728b)
Start importing Assets/Sprites/nen.jpg using Guid(f2839645cd73b924a86dc2b48b913c08) Importer(815301076,1909f56bfc062723c751e8b465ee728b)  -> (artifact id: 'fe21e2f6273ecd7d3803c51122931d42') in 0.106017 seconds 
========================================================================
Received Import Request.
  Time since last request: 0.000023 seconds.
  path: Assets/Gregor Quendel - Free Water Stream Sounds/Gregor Quendel - Free Water Stream Sounds - 01.wav
  artifactKey: Guid(0cfe9f8ef9453464998e06803560cdda) Importer(815301076,1909f56bfc062723c751e8b465ee728b)
Start importing Assets/Gregor Quendel - Free Water Stream Sounds/Gregor Quendel - Free Water Stream Sounds - 01.wav using Guid(0cfe9f8ef9453464998e06803560cdda) Importer(815301076,1909f56bfc062723c751e8b465ee728b)  -> (artifact id: '2c2f7c7bd5e7defa92903c0c645b1c51') in 0.022118 seconds 
========================================================================
Received Import Request.
  Time since last request: 10.078734 seconds.
  path: Assets/Scenes/GamePlay.unity
  artifactKey: Guid(dfbbef1267f0742a89872794ea2d4c73) Importer(815301076,1909f56bfc062723c751e8b465ee728b)
Start importing Assets/Scenes/GamePlay.unity using Guid(dfbbef1267f0742a89872794ea2d4c73) Importer(815301076,1909f56bfc062723c751e8b465ee728b)  -> (artifact id: '4182911e09f8bc867734d78976a2b22f') in 0.010237 seconds 
